\BOOKMARK [0][-]{chapter.1}{}{}% 1
\BOOKMARK [1][-]{section.1.1}{Discrete\040Distributions}{chapter.1}% 2
\BOOKMARK [0][-]{chapter.2}{}{}% 3
\BOOKMARK [1][-]{section.2.1}{Big\040picture}{chapter.2}% 4
\BOOKMARK [1][-]{section.2.2}{Hypergeometric\040distribution}{chapter.2}% 5
\BOOKMARK [2][-]{subsection.2.2.1}{Definition}{section.2.2}% 6
\BOOKMARK [2][-]{subsection.2.2.2}{Basic\040properties}{section.2.2}% 7
\BOOKMARK [2][-]{subsection.2.2.3}{Approximation}{section.2.2}% 8
\BOOKMARK [1][-]{section.2.3}{Binomial\040distribution}{chapter.2}% 9
\BOOKMARK [2][-]{subsection.2.3.1}{Definition}{section.2.3}% 10
\BOOKMARK [2][-]{subsection.2.3.2}{Basic\040properties}{section.2.3}% 11
\BOOKMARK [1][-]{section.2.4}{Negative\040binomial\040distribution}{chapter.2}% 12
\BOOKMARK [2][-]{subsection.2.4.1}{Definition}{section.2.4}% 13
\BOOKMARK [2][-]{subsection.2.4.2}{Basic\040properties}{section.2.4}% 14
\BOOKMARK [0][-]{chapter.3}{}{}% 15
\BOOKMARK [1][-]{section.3.1}{Poisson\040distribution}{chapter.3}% 16
\BOOKMARK [2][-]{subsection.3.1.1}{Counting\040process\040and\040Stopping\040time}{section.3.1}% 17
\BOOKMARK [1][-]{section.3.2}{Relationship\040between\040distribution}{chapter.3}% 18
\BOOKMARK [0][-]{chapter.4}{}{}% 19
\BOOKMARK [1][-]{section.4.1}{Continuous\040distribution}{chapter.4}% 20
\BOOKMARK [2][-]{subsection.4.1.1}{Uniform\040distribution}{section.4.1}% 21
\BOOKMARK [2][-]{subsection.4.1.2}{Exponential\040family}{section.4.1}% 22
\BOOKMARK [2][-]{subsection.4.1.3}{Exponential\040family\040to\040Poisson}{section.4.1}% 23
\BOOKMARK [2][-]{subsection.4.1.4}{Normal\040distribution}{section.4.1}% 24
\BOOKMARK [0][-]{chapter.5}{}{}% 25
\BOOKMARK [1][-]{section.5.1}{Logistic\040distribution}{chapter.5}% 26
\BOOKMARK [1][-]{section.5.2}{Beta\040distribution}{chapter.5}% 27
\BOOKMARK [1][-]{section.5.3}{Double\040exponential\040distribution\040\(Laplace\040distribution\)}{chapter.5}% 28
\BOOKMARK [1][-]{section.5.4}{Log-normal\040distribution}{chapter.5}% 29
\BOOKMARK [1][-]{section.5.5}{Cauchy\040distribution}{chapter.5}% 30
