\BOOKMARK [0][-]{chapter.1}{}{}% 1
\BOOKMARK [1][-]{section.1.1}{Transformation}{chapter.1}% 2
\BOOKMARK [2][-]{subsection.1.1.1}{Measurable function}{section.1.1}% 3
\BOOKMARK [2][-]{subsection.1.1.2}{p.m.f., p.d.f., and cumulative distribution}{section.1.1}% 4
\BOOKMARK [0][-]{chapter.2}{}{}% 5
\BOOKMARK [1][-]{section.2.1}{Examples of transformation}{chapter.2}% 6
\BOOKMARK [2][-]{subsection.2.1.1}{Binomial distribution}{section.2.1}% 7
\BOOKMARK [2][-]{subsection.2.1.2}{Exponential}{section.2.1}% 8
\BOOKMARK [0][-]{chapter.3}{}{}% 9
\BOOKMARK [1][-]{section.3.1}{Expectation}{chapter.3}% 10
\BOOKMARK [1][-]{section.3.2}{Moment}{chapter.3}% 11
\BOOKMARK [1][-]{section.3.3}{Moment generating and characteristic function}{chapter.3}% 12
\BOOKMARK [0][-]{chapter.4}{}{}% 13
\BOOKMARK [1][-]{section.4.1}{Characteristic function}{chapter.4}% 14
\BOOKMARK [1][-]{section.4.2}{Convergence}{chapter.4}% 15
\BOOKMARK [0][-]{chapter.5}{}{}% 16
\BOOKMARK [1][-]{section.5.1}{Convergence of m.g.f}{chapter.5}% 17
\BOOKMARK [1][-]{section.5.2}{Basic property of characteristic function}{chapter.5}% 18
\BOOKMARK [0][-]{appendix.A}{}{}% 19
\BOOKMARK [1][-]{section.A.1}{Interchanging Integration and Differentiation}{appendix.A}% 20
\BOOKMARK [2][-]{subsection.A.1.1}{Interchanging Limits}{section.A.1}% 21
\BOOKMARK [1][-]{section.A.2}{Interchanging Summation and Differentiation/Integration}{appendix.A}% 22
